<?xml version="1.0" encoding="UTF-8"?>
<!-- Generated by org.testng.reporters.JUnitReportReporter -->
<testsuite skipped="0" hostname="INMAA1-L0063" name="assignmentSelenium.testCases.TestRunnerBDD" tests="1" failures="0" timestamp="2022-02-23T21:40:55 IST" time="37.609" errors="0">
  <testcase name="runScenario" time="37.609" classname="assignmentSelenium.testCases.TestRunnerBDD"/>
  <system-out/>
</testsuite> <!-- assignmentSelenium.testCases.TestRunnerBDD -->
