<?xml version="1.0" encoding="UTF-8"?>
<!-- Generated by org.testng.reporters.JUnitReportReporter -->
<testsuite skipped="0" hostname="INMAA1-L0063" name="assignmentSelenium.testCases.SearchTest" tests="1" failures="0" timestamp="2022-02-23T03:10:42 IST" time="25.869" errors="0">
  <testcase name="searchCars" time="25.869" classname="assignmentSelenium.testCases.SearchTest"/>
  <system-out/>
</testsuite> <!-- assignmentSelenium.testCases.SearchTest -->
